  [1m[36m (1.2ms)[0m  [1mCREATE TABLE "schema_migrations" ("version" varchar NOT NULL) [0m
  [1m[35m (0.0ms)[0m  select sqlite_version(*)
  [1m[36m (1.0ms)[0m  [1mCREATE UNIQUE INDEX "unique_schema_migrations" ON "schema_migrations" ("version")[0m
  [1m[35mActiveRecord::SchemaMigration Load (0.1ms)[0m  SELECT "schema_migrations".* FROM "schema_migrations"
  [1m[36mActiveRecord::SchemaMigration Load (0.1ms)[0m  [1mSELECT "schema_migrations".* FROM "schema_migrations"[0m
Migrating to CreatePosts (20151230232412)
  [1m[35m (0.1ms)[0m  begin transaction
  [1m[36m (0.4ms)[0m  [1mCREATE TABLE "posts" ("id" INTEGER PRIMARY KEY AUTOINCREMENT NOT NULL, "title" varchar, "description" text, "created_at" datetime NOT NULL, "updated_at" datetime NOT NULL) [0m
  [1m[35mSQL (0.2ms)[0m  INSERT INTO "schema_migrations" ("version") VALUES (?)  [["version", "20151230232412"]]
  [1m[36m (1.3ms)[0m  [1mcommit transaction[0m
  [1m[35mActiveRecord::SchemaMigration Load (0.1ms)[0m  SELECT "schema_migrations".* FROM "schema_migrations"
  [1m[36mActiveRecord::SchemaMigration Load (0.1ms)[0m  [1mSELECT "schema_migrations".* FROM "schema_migrations"[0m
  [1m[35mActiveRecord::SchemaMigration Load (0.1ms)[0m  SELECT "schema_migrations".* FROM "schema_migrations"
  [1m[36mActiveRecord::SchemaMigration Load (0.1ms)[0m  [1mSELECT "schema_migrations".* FROM "schema_migrations"[0m
  [1m[36mActiveRecord::SchemaMigration Load (0.1ms)[0m  [1mSELECT "schema_migrations".* FROM "schema_migrations"[0m
  [1m[35mActiveRecord::SchemaMigration Load (0.1ms)[0m  SELECT "schema_migrations".* FROM "schema_migrations"
  [1m[36mActiveRecord::SchemaMigration Load (0.1ms)[0m  [1mSELECT "schema_migrations".* FROM "schema_migrations"[0m
  [1m[35mActiveRecord::SchemaMigration Load (0.1ms)[0m  SELECT "schema_migrations".* FROM "schema_migrations"
  [1m[36mActiveRecord::SchemaMigration Load (0.1ms)[0m  [1mSELECT "schema_migrations".* FROM "schema_migrations"[0m
  [1m[35mActiveRecord::SchemaMigration Load (0.1ms)[0m  SELECT "schema_migrations".* FROM "schema_migrations"


Started GET "/" for ::1 at 2019-01-13 13:49:54 -0500

ActiveRecord::PendingMigrationError (

Migrations are pending. To resolve this issue, run:

	bin/rake db:migrate RAILS_ENV=development

):
  activerecord (4.2.10) lib/active_record/migration.rb:392:in `check_pending!'
  activerecord (4.2.10) lib/active_record/migration.rb:373:in `call'
  actionpack (4.2.10) lib/action_dispatch/middleware/callbacks.rb:29:in `block in call'
  activesupport (4.2.10) lib/active_support/callbacks.rb:88:in `__run_callbacks__'
  activesupport (4.2.10) lib/active_support/callbacks.rb:778:in `_run_call_callbacks'
  activesupport (4.2.10) lib/active_support/callbacks.rb:81:in `run_callbacks'
  actionpack (4.2.10) lib/action_dispatch/middleware/callbacks.rb:27:in `call'
  actionpack (4.2.10) lib/action_dispatch/middleware/reloader.rb:73:in `call'
  actionpack (4.2.10) lib/action_dispatch/middleware/remote_ip.rb:78:in `call'
  actionpack (4.2.10) lib/action_dispatch/middleware/debug_exceptions.rb:17:in `call'
  actionpack (4.2.10) lib/action_dispatch/middleware/show_exceptions.rb:30:in `call'
  railties (4.2.10) lib/rails/rack/logger.rb:38:in `call_app'
  railties (4.2.10) lib/rails/rack/logger.rb:20:in `block in call'
  activesupport (4.2.10) lib/active_support/tagged_logging.rb:68:in `block in tagged'
  activesupport (4.2.10) lib/active_support/tagged_logging.rb:26:in `tagged'
  activesupport (4.2.10) lib/active_support/tagged_logging.rb:68:in `tagged'
  railties (4.2.10) lib/rails/rack/logger.rb:20:in `call'
  actionpack (4.2.10) lib/action_dispatch/middleware/request_id.rb:21:in `call'
  rack (1.6.10) lib/rack/methodoverride.rb:22:in `call'
  rack (1.6.10) lib/rack/runtime.rb:18:in `call'
  activesupport (4.2.10) lib/active_support/cache/strategy/local_cache_middleware.rb:28:in `call'
  rack (1.6.10) lib/rack/lock.rb:17:in `call'
  actionpack (4.2.10) lib/action_dispatch/middleware/static.rb:120:in `call'
  rack (1.6.10) lib/rack/sendfile.rb:113:in `call'
  railties (4.2.10) lib/rails/engine.rb:518:in `call'
  railties (4.2.10) lib/rails/application.rb:165:in `call'
  rack (1.6.10) lib/rack/lock.rb:17:in `call'
  rack (1.6.10) lib/rack/content_length.rb:15:in `call'
  rack (1.6.10) lib/rack/handler/webrick.rb:88:in `service'
  /Users/flatironschool/.rvm/rubies/ruby-2.3.3/lib/ruby/2.3.0/webrick/httpserver.rb:140:in `service'
  /Users/flatironschool/.rvm/rubies/ruby-2.3.3/lib/ruby/2.3.0/webrick/httpserver.rb:96:in `run'
  /Users/flatironschool/.rvm/rubies/ruby-2.3.3/lib/ruby/2.3.0/webrick/server.rb:296:in `block in start_thread'


  Rendered /Users/flatironschool/.rvm/gems/ruby-2.3.3/gems/actionpack-4.2.10/lib/action_dispatch/middleware/templates/rescues/_source.erb (4.2ms)
  Rendered /Users/flatironschool/.rvm/gems/ruby-2.3.3/gems/actionpack-4.2.10/lib/action_dispatch/middleware/templates/rescues/_trace.html.erb (1.5ms)
  Rendered /Users/flatironschool/.rvm/gems/ruby-2.3.3/gems/actionpack-4.2.10/lib/action_dispatch/middleware/templates/rescues/_request_and_response.html.erb (1.8ms)
  Rendered /Users/flatironschool/.rvm/gems/ruby-2.3.3/gems/actionpack-4.2.10/lib/action_dispatch/middleware/templates/rescues/diagnostics.html.erb within rescues/layout (103.7ms)


Started GET "/posts/1" for ::1 at 2019-01-13 13:50:13 -0500

ActiveRecord::PendingMigrationError (

Migrations are pending. To resolve this issue, run:

	bin/rake db:migrate RAILS_ENV=development

):
  activerecord (4.2.10) lib/active_record/migration.rb:392:in `check_pending!'
  activerecord (4.2.10) lib/active_record/migration.rb:373:in `call'
  actionpack (4.2.10) lib/action_dispatch/middleware/callbacks.rb:29:in `block in call'
  activesupport (4.2.10) lib/active_support/callbacks.rb:88:in `__run_callbacks__'
  activesupport (4.2.10) lib/active_support/callbacks.rb:778:in `_run_call_callbacks'
  activesupport (4.2.10) lib/active_support/callbacks.rb:81:in `run_callbacks'
  actionpack (4.2.10) lib/action_dispatch/middleware/callbacks.rb:27:in `call'
  actionpack (4.2.10) lib/action_dispatch/middleware/reloader.rb:73:in `call'
  actionpack (4.2.10) lib/action_dispatch/middleware/remote_ip.rb:78:in `call'
  actionpack (4.2.10) lib/action_dispatch/middleware/debug_exceptions.rb:17:in `call'
  actionpack (4.2.10) lib/action_dispatch/middleware/show_exceptions.rb:30:in `call'
  railties (4.2.10) lib/rails/rack/logger.rb:38:in `call_app'
  railties (4.2.10) lib/rails/rack/logger.rb:20:in `block in call'
  activesupport (4.2.10) lib/active_support/tagged_logging.rb:68:in `block in tagged'
  activesupport (4.2.10) lib/active_support/tagged_logging.rb:26:in `tagged'
  activesupport (4.2.10) lib/active_support/tagged_logging.rb:68:in `tagged'
  railties (4.2.10) lib/rails/rack/logger.rb:20:in `call'
  actionpack (4.2.10) lib/action_dispatch/middleware/request_id.rb:21:in `call'
  rack (1.6.10) lib/rack/methodoverride.rb:22:in `call'
  rack (1.6.10) lib/rack/runtime.rb:18:in `call'
  activesupport (4.2.10) lib/active_support/cache/strategy/local_cache_middleware.rb:28:in `call'
  rack (1.6.10) lib/rack/lock.rb:17:in `call'
  actionpack (4.2.10) lib/action_dispatch/middleware/static.rb:120:in `call'
  rack (1.6.10) lib/rack/sendfile.rb:113:in `call'
  railties (4.2.10) lib/rails/engine.rb:518:in `call'
  railties (4.2.10) lib/rails/application.rb:165:in `call'
  rack (1.6.10) lib/rack/lock.rb:17:in `call'
  rack (1.6.10) lib/rack/content_length.rb:15:in `call'
  rack (1.6.10) lib/rack/handler/webrick.rb:88:in `service'
  /Users/flatironschool/.rvm/rubies/ruby-2.3.3/lib/ruby/2.3.0/webrick/httpserver.rb:140:in `service'
  /Users/flatironschool/.rvm/rubies/ruby-2.3.3/lib/ruby/2.3.0/webrick/httpserver.rb:96:in `run'
  /Users/flatironschool/.rvm/rubies/ruby-2.3.3/lib/ruby/2.3.0/webrick/server.rb:296:in `block in start_thread'


  Rendered /Users/flatironschool/.rvm/gems/ruby-2.3.3/gems/actionpack-4.2.10/lib/action_dispatch/middleware/templates/rescues/_source.erb (2.4ms)
  Rendered /Users/flatironschool/.rvm/gems/ruby-2.3.3/gems/actionpack-4.2.10/lib/action_dispatch/middleware/templates/rescues/_trace.html.erb (1.3ms)
  Rendered /Users/flatironschool/.rvm/gems/ruby-2.3.3/gems/actionpack-4.2.10/lib/action_dispatch/middleware/templates/rescues/_request_and_response.html.erb (0.8ms)
  Rendered /Users/flatironschool/.rvm/gems/ruby-2.3.3/gems/actionpack-4.2.10/lib/action_dispatch/middleware/templates/rescues/diagnostics.html.erb within rescues/layout (90.5ms)


Started GET "/posts/1" for ::1 at 2019-01-13 13:50:18 -0500

ActiveRecord::PendingMigrationError (

Migrations are pending. To resolve this issue, run:

	bin/rake db:migrate RAILS_ENV=development

):
  activerecord (4.2.10) lib/active_record/migration.rb:392:in `check_pending!'
  activerecord (4.2.10) lib/active_record/migration.rb:373:in `call'
  actionpack (4.2.10) lib/action_dispatch/middleware/callbacks.rb:29:in `block in call'
  activesupport (4.2.10) lib/active_support/callbacks.rb:88:in `__run_callbacks__'
  activesupport (4.2.10) lib/active_support/callbacks.rb:778:in `_run_call_callbacks'
  activesupport (4.2.10) lib/active_support/callbacks.rb:81:in `run_callbacks'
  actionpack (4.2.10) lib/action_dispatch/middleware/callbacks.rb:27:in `call'
  actionpack (4.2.10) lib/action_dispatch/middleware/reloader.rb:73:in `call'
  actionpack (4.2.10) lib/action_dispatch/middleware/remote_ip.rb:78:in `call'
  actionpack (4.2.10) lib/action_dispatch/middleware/debug_exceptions.rb:17:in `call'
  actionpack (4.2.10) lib/action_dispatch/middleware/show_exceptions.rb:30:in `call'
  railties (4.2.10) lib/rails/rack/logger.rb:38:in `call_app'
  railties (4.2.10) lib/rails/rack/logger.rb:20:in `block in call'
  activesupport (4.2.10) lib/active_support/tagged_logging.rb:68:in `block in tagged'
  activesupport (4.2.10) lib/active_support/tagged_logging.rb:26:in `tagged'
  activesupport (4.2.10) lib/active_support/tagged_logging.rb:68:in `tagged'
  railties (4.2.10) lib/rails/rack/logger.rb:20:in `call'
  actionpack (4.2.10) lib/action_dispatch/middleware/request_id.rb:21:in `call'
  rack (1.6.10) lib/rack/methodoverride.rb:22:in `call'
  rack (1.6.10) lib/rack/runtime.rb:18:in `call'
  activesupport (4.2.10) lib/active_support/cache/strategy/local_cache_middleware.rb:28:in `call'
  rack (1.6.10) lib/rack/lock.rb:17:in `call'
  actionpack (4.2.10) lib/action_dispatch/middleware/static.rb:120:in `call'
  rack (1.6.10) lib/rack/sendfile.rb:113:in `call'
  railties (4.2.10) lib/rails/engine.rb:518:in `call'
  railties (4.2.10) lib/rails/application.rb:165:in `call'
  rack (1.6.10) lib/rack/lock.rb:17:in `call'
  rack (1.6.10) lib/rack/content_length.rb:15:in `call'
  rack (1.6.10) lib/rack/handler/webrick.rb:88:in `service'
  /Users/flatironschool/.rvm/rubies/ruby-2.3.3/lib/ruby/2.3.0/webrick/httpserver.rb:140:in `service'
  /Users/flatironschool/.rvm/rubies/ruby-2.3.3/lib/ruby/2.3.0/webrick/httpserver.rb:96:in `run'
  /Users/flatironschool/.rvm/rubies/ruby-2.3.3/lib/ruby/2.3.0/webrick/server.rb:296:in `block in start_thread'


  Rendered /Users/flatironschool/.rvm/gems/ruby-2.3.3/gems/actionpack-4.2.10/lib/action_dispatch/middleware/templates/rescues/_source.erb (1.9ms)
  Rendered /Users/flatironschool/.rvm/gems/ruby-2.3.3/gems/actionpack-4.2.10/lib/action_dispatch/middleware/templates/rescues/_trace.html.erb (1.3ms)
  Rendered /Users/flatironschool/.rvm/gems/ruby-2.3.3/gems/actionpack-4.2.10/lib/action_dispatch/middleware/templates/rescues/_request_and_response.html.erb (0.7ms)
  Rendered /Users/flatironschool/.rvm/gems/ruby-2.3.3/gems/actionpack-4.2.10/lib/action_dispatch/middleware/templates/rescues/diagnostics.html.erb within rescues/layout (82.1ms)
  [1m[36m (2.6ms)[0m  [1mCREATE TABLE "schema_migrations" ("version" varchar NOT NULL) [0m
  [1m[35m (0.1ms)[0m  select sqlite_version(*)
  [1m[36m (2.3ms)[0m  [1mCREATE UNIQUE INDEX "unique_schema_migrations" ON "schema_migrations" ("version")[0m
  [1m[35mActiveRecord::SchemaMigration Load (0.1ms)[0m  SELECT "schema_migrations".* FROM "schema_migrations"
Migrating to CreatePosts (20151230232412)
  [1m[36m (0.1ms)[0m  [1mbegin transaction[0m
  [1m[35m (0.5ms)[0m  CREATE TABLE "posts" ("id" INTEGER PRIMARY KEY AUTOINCREMENT NOT NULL, "title" varchar, "description" text, "created_at" datetime NOT NULL, "updated_at" datetime NOT NULL) 
  [1m[36mSQL (0.2ms)[0m  [1mINSERT INTO "schema_migrations" ("version") VALUES (?)[0m  [["version", "20151230232412"]]
  [1m[35m (2.0ms)[0m  commit transaction
  [1m[36mActiveRecord::SchemaMigration Load (0.1ms)[0m  [1mSELECT "schema_migrations".* FROM "schema_migrations"[0m
  [1m[36mActiveRecord::SchemaMigration Load (0.1ms)[0m  [1mSELECT "schema_migrations".* FROM "schema_migrations"[0m


Started GET "/posts/1" for ::1 at 2019-01-13 13:52:11 -0500
  [1m[36mActiveRecord::SchemaMigration Load (0.1ms)[0m  [1mSELECT "schema_migrations".* FROM "schema_migrations"[0m
Processing by PostsController#show as HTML
  Parameters: {"id"=>"1"}
  [1m[35mPost Load (0.2ms)[0m  SELECT  "posts".* FROM "posts" WHERE "posts"."id" = ? LIMIT 1  [["id", 1]]
Completed 404 Not Found in 26ms (ActiveRecord: 0.5ms)

ActiveRecord::RecordNotFound (Couldn't find Post with 'id'=1):
  app/controllers/posts_controller.rb:4:in `show'


  Rendered /Users/flatironschool/.rvm/gems/ruby-2.3.3/gems/actionpack-4.2.10/lib/action_dispatch/middleware/templates/rescues/_source.erb (4.8ms)
  Rendered /Users/flatironschool/.rvm/gems/ruby-2.3.3/gems/actionpack-4.2.10/lib/action_dispatch/middleware/templates/rescues/_trace.html.erb (2.2ms)
  Rendered /Users/flatironschool/.rvm/gems/ruby-2.3.3/gems/actionpack-4.2.10/lib/action_dispatch/middleware/templates/rescues/_request_and_response.html.erb (0.8ms)
  Rendered /Users/flatironschool/.rvm/gems/ruby-2.3.3/gems/actionpack-4.2.10/lib/action_dispatch/middleware/templates/rescues/diagnostics.html.erb within rescues/layout (93.2ms)


Started GET "/posts/6" for ::1 at 2019-01-13 13:52:32 -0500
Processing by PostsController#show as HTML
  Parameters: {"id"=>"6"}
  [1m[36mPost Load (0.2ms)[0m  [1mSELECT  "posts".* FROM "posts" WHERE "posts"."id" = ? LIMIT 1[0m  [["id", 6]]
Completed 404 Not Found in 2ms (ActiveRecord: 0.2ms)

ActiveRecord::RecordNotFound (Couldn't find Post with 'id'=6):
  app/controllers/posts_controller.rb:4:in `show'


  Rendered /Users/flatironschool/.rvm/gems/ruby-2.3.3/gems/actionpack-4.2.10/lib/action_dispatch/middleware/templates/rescues/_source.erb (3.6ms)
  Rendered /Users/flatironschool/.rvm/gems/ruby-2.3.3/gems/actionpack-4.2.10/lib/action_dispatch/middleware/templates/rescues/_trace.html.erb (1.7ms)
  Rendered /Users/flatironschool/.rvm/gems/ruby-2.3.3/gems/actionpack-4.2.10/lib/action_dispatch/middleware/templates/rescues/_request_and_response.html.erb (0.9ms)
  Rendered /Users/flatironschool/.rvm/gems/ruby-2.3.3/gems/actionpack-4.2.10/lib/action_dispatch/middleware/templates/rescues/diagnostics.html.erb within rescues/layout (84.2ms)


Started GET "/posts/1" for ::1 at 2019-01-13 14:37:20 -0500
  [1m[36mActiveRecord::SchemaMigration Load (0.1ms)[0m  [1mSELECT "schema_migrations".* FROM "schema_migrations"[0m
Processing by PostsController#show as HTML
  Parameters: {"id"=>"1"}
  [1m[35mPost Load (0.2ms)[0m  SELECT  "posts".* FROM "posts" WHERE "posts"."id" = ? LIMIT 1  [["id", 1]]
Completed 404 Not Found in 20ms (ActiveRecord: 0.5ms)

ActiveRecord::RecordNotFound (Couldn't find Post with 'id'=1):
  app/controllers/posts_controller.rb:4:in `show'


  Rendered /Users/flatironschool/.rvm/gems/ruby-2.3.3/gems/actionpack-4.2.10/lib/action_dispatch/middleware/templates/rescues/_source.erb (3.8ms)
  Rendered /Users/flatironschool/.rvm/gems/ruby-2.3.3/gems/actionpack-4.2.10/lib/action_dispatch/middleware/templates/rescues/_trace.html.erb (1.9ms)
  Rendered /Users/flatironschool/.rvm/gems/ruby-2.3.3/gems/actionpack-4.2.10/lib/action_dispatch/middleware/templates/rescues/_request_and_response.html.erb (0.8ms)
  Rendered /Users/flatironschool/.rvm/gems/ruby-2.3.3/gems/actionpack-4.2.10/lib/action_dispatch/middleware/templates/rescues/diagnostics.html.erb within rescues/layout (101.1ms)


Started GET "/posts/1" for ::1 at 2019-01-13 14:37:23 -0500
Processing by PostsController#show as HTML
  Parameters: {"id"=>"1"}
  [1m[36mPost Load (0.2ms)[0m  [1mSELECT  "posts".* FROM "posts" WHERE "posts"."id" = ? LIMIT 1[0m  [["id", 1]]
Completed 404 Not Found in 2ms (ActiveRecord: 0.2ms)

ActiveRecord::RecordNotFound (Couldn't find Post with 'id'=1):
  app/controllers/posts_controller.rb:4:in `show'


  Rendered /Users/flatironschool/.rvm/gems/ruby-2.3.3/gems/actionpack-4.2.10/lib/action_dispatch/middleware/templates/rescues/_source.erb (3.6ms)
  Rendered /Users/flatironschool/.rvm/gems/ruby-2.3.3/gems/actionpack-4.2.10/lib/action_dispatch/middleware/templates/rescues/_trace.html.erb (2.0ms)
  Rendered /Users/flatironschool/.rvm/gems/ruby-2.3.3/gems/actionpack-4.2.10/lib/action_dispatch/middleware/templates/rescues/_request_and_response.html.erb (1.4ms)
  Rendered /Users/flatironschool/.rvm/gems/ruby-2.3.3/gems/actionpack-4.2.10/lib/action_dispatch/middleware/templates/rescues/diagnostics.html.erb within rescues/layout (91.1ms)


Started GET "/post/1" for 127.0.0.1 at 2019-02-06 07:04:22 -0800

ActiveRecord::PendingMigrationError (

Migrations are pending. To resolve this issue, run:

	bin/rake db:migrate RAILS_ENV=development

):
  activerecord (4.2.10) lib/active_record/migration.rb:392:in `check_pending!'
  activerecord (4.2.10) lib/active_record/migration.rb:373:in `call'
  actionpack (4.2.10) lib/action_dispatch/middleware/callbacks.rb:29:in `block in call'
  activesupport (4.2.10) lib/active_support/callbacks.rb:88:in `__run_callbacks__'
  activesupport (4.2.10) lib/active_support/callbacks.rb:778:in `_run_call_callbacks'
  activesupport (4.2.10) lib/active_support/callbacks.rb:81:in `run_callbacks'
  actionpack (4.2.10) lib/action_dispatch/middleware/callbacks.rb:27:in `call'
  actionpack (4.2.10) lib/action_dispatch/middleware/reloader.rb:73:in `call'
  actionpack (4.2.10) lib/action_dispatch/middleware/remote_ip.rb:78:in `call'
  actionpack (4.2.10) lib/action_dispatch/middleware/debug_exceptions.rb:17:in `call'
  actionpack (4.2.10) lib/action_dispatch/middleware/show_exceptions.rb:30:in `call'
  railties (4.2.10) lib/rails/rack/logger.rb:38:in `call_app'
  railties (4.2.10) lib/rails/rack/logger.rb:20:in `block in call'
  activesupport (4.2.10) lib/active_support/tagged_logging.rb:68:in `block in tagged'
  activesupport (4.2.10) lib/active_support/tagged_logging.rb:26:in `tagged'
  activesupport (4.2.10) lib/active_support/tagged_logging.rb:68:in `tagged'
  railties (4.2.10) lib/rails/rack/logger.rb:20:in `call'
  actionpack (4.2.10) lib/action_dispatch/middleware/request_id.rb:21:in `call'
  rack (1.6.10) lib/rack/methodoverride.rb:22:in `call'
  rack (1.6.10) lib/rack/runtime.rb:18:in `call'
  activesupport (4.2.10) lib/active_support/cache/strategy/local_cache_middleware.rb:28:in `call'
  rack (1.6.10) lib/rack/lock.rb:17:in `call'
  actionpack (4.2.10) lib/action_dispatch/middleware/static.rb:120:in `call'
  rack (1.6.10) lib/rack/sendfile.rb:113:in `call'
  railties (4.2.10) lib/rails/engine.rb:518:in `call'
  railties (4.2.10) lib/rails/application.rb:165:in `call'
  rack (1.6.10) lib/rack/lock.rb:17:in `call'
  rack (1.6.10) lib/rack/content_length.rb:15:in `call'
  rack (1.6.10) lib/rack/handler/webrick.rb:88:in `service'
  /home/learn/.rvm/rubies/ruby-2.3.6/lib/ruby/2.3.0/webrick/httpserver.rb:140:in `service'
  /home/learn/.rvm/rubies/ruby-2.3.6/lib/ruby/2.3.0/webrick/httpserver.rb:96:in `run'
  /home/learn/.rvm/rubies/ruby-2.3.6/lib/ruby/2.3.0/webrick/server.rb:314:in `block in start_thread'


  Rendered /home/learn/.rvm/gems/ruby-2.3.6/gems/actionpack-4.2.10/lib/action_dispatch/middleware/templates/rescues/_source.erb (5.8ms)
  Rendered /home/learn/.rvm/gems/ruby-2.3.6/gems/actionpack-4.2.10/lib/action_dispatch/middleware/templates/rescues/_trace.html.erb (6.9ms)
  Rendered /home/learn/.rvm/gems/ruby-2.3.6/gems/actionpack-4.2.10/lib/action_dispatch/middleware/templates/rescues/_request_and_response.html.erb (1.6ms)
  Rendered /home/learn/.rvm/gems/ruby-2.3.6/gems/actionpack-4.2.10/lib/action_dispatch/middleware/templates/rescues/diagnostics.html.erb within rescues/layout (115.2ms)
  [1m[36m (31.8ms)[0m  [1mCREATE TABLE "schema_migrations" ("version" varchar NOT NULL) [0m
  [1m[35m (0.1ms)[0m  select sqlite_version(*)
  [1m[36m (5.6ms)[0m  [1mCREATE UNIQUE INDEX "unique_schema_migrations" ON "schema_migrations" ("version")[0m
  [1m[35mActiveRecord::SchemaMigration Load (0.1ms)[0m  SELECT "schema_migrations".* FROM "schema_migrations"
Migrating to CreatePosts (20151230232412)
  [1m[36m (0.7ms)[0m  [1mbegin transaction[0m
  [1m[35m (0.6ms)[0m  CREATE TABLE "posts" ("id" INTEGER PRIMARY KEY AUTOINCREMENT NOT NULL, "title" varchar, "description" text, "created_at" datetime NOT NULL, "updated_at" datetime NOT NULL) 
  [1m[36mSQL (0.2ms)[0m  [1mINSERT INTO "schema_migrations" ("version") VALUES (?)[0m  [["version", "20151230232412"]]
  [1m[35m (9.9ms)[0m  commit transaction
  [1m[36mActiveRecord::SchemaMigration Load (0.1ms)[0m  [1mSELECT "schema_migrations".* FROM "schema_migrations"[0m
  [1m[36mActiveRecord::SchemaMigration Load (0.2ms)[0m  [1mSELECT "schema_migrations".* FROM "schema_migrations"[0m


Started GET "/posts/1" for 127.0.0.1 at 2019-02-06 07:05:40 -0800
  [1m[36mActiveRecord::SchemaMigration Load (0.2ms)[0m  [1mSELECT "schema_migrations".* FROM "schema_migrations"[0m
Processing by PostsController#show as HTML
  Parameters: {"id"=>"1"}
  [1m[35mPost Load (0.3ms)[0m  SELECT  "posts".* FROM "posts" WHERE "posts"."id" = ? LIMIT 1  [["id", 1]]
Completed 404 Not Found in 63ms (ActiveRecord: 0.8ms)

ActiveRecord::RecordNotFound (Couldn't find Post with 'id'=1):
  app/controllers/posts_controller.rb:4:in `show'


  Rendered /home/learn/.rvm/gems/ruby-2.3.6/gems/actionpack-4.2.10/lib/action_dispatch/middleware/templates/rescues/_source.erb (22.6ms)
  Rendered /home/learn/.rvm/gems/ruby-2.3.6/gems/actionpack-4.2.10/lib/action_dispatch/middleware/templates/rescues/_trace.html.erb (8.7ms)
  Rendered /home/learn/.rvm/gems/ruby-2.3.6/gems/actionpack-4.2.10/lib/action_dispatch/middleware/templates/rescues/_request_and_response.html.erb (1.9ms)
  Rendered /home/learn/.rvm/gems/ruby-2.3.6/gems/actionpack-4.2.10/lib/action_dispatch/middleware/templates/rescues/diagnostics.html.erb within rescues/layout (128.1ms)


Started GET "/posts/7" for 127.0.0.1 at 2019-02-06 07:05:49 -0800
Processing by PostsController#show as HTML
  Parameters: {"id"=>"7"}
  [1m[36mPost Load (0.1ms)[0m  [1mSELECT  "posts".* FROM "posts" WHERE "posts"."id" = ? LIMIT 1[0m  [["id", 7]]
Completed 404 Not Found in 1ms (ActiveRecord: 0.1ms)

ActiveRecord::RecordNotFound (Couldn't find Post with 'id'=7):
  app/controllers/posts_controller.rb:4:in `show'


  Rendered /home/learn/.rvm/gems/ruby-2.3.6/gems/actionpack-4.2.10/lib/action_dispatch/middleware/templates/rescues/_source.erb (13.9ms)
  Rendered /home/learn/.rvm/gems/ruby-2.3.6/gems/actionpack-4.2.10/lib/action_dispatch/middleware/templates/rescues/_trace.html.erb (9.0ms)
  Rendered /home/learn/.rvm/gems/ruby-2.3.6/gems/actionpack-4.2.10/lib/action_dispatch/middleware/templates/rescues/_request_and_response.html.erb (5.8ms)
  Rendered /home/learn/.rvm/gems/ruby-2.3.6/gems/actionpack-4.2.10/lib/action_dispatch/middleware/templates/rescues/diagnostics.html.erb within rescues/layout (119.2ms)
  [1m[36mPost Load (2.2ms)[0m  [1mSELECT "posts".* FROM "posts"[0m
  [1m[36mActiveRecord::SchemaMigration Load (0.2ms)[0m  [1mSELECT "schema_migrations".* FROM "schema_migrations"[0m
  [1m[35m (0.1ms)[0m  begin transaction
  [1m[36mSQL (3.1ms)[0m  [1mINSERT INTO "posts" ("title", "description", "created_at", "updated_at") VALUES (?, ?, ?, ?)[0m  [["title", "Beauty"], ["description", "Super Cream"], ["created_at", "2019-02-06 15:08:44.577960"], ["updated_at", "2019-02-06 15:08:44.577960"]]
  [1m[35m (8.3ms)[0m  commit transaction


Started GET "/post/1" for 127.0.0.1 at 2019-02-06 07:08:56 -0800
  [1m[36mActiveRecord::SchemaMigration Load (0.2ms)[0m  [1mSELECT "schema_migrations".* FROM "schema_migrations"[0m

ActionController::RoutingError (No route matches [GET] "/post/1"):
  actionpack (4.2.10) lib/action_dispatch/middleware/debug_exceptions.rb:21:in `call'
  actionpack (4.2.10) lib/action_dispatch/middleware/show_exceptions.rb:30:in `call'
  railties (4.2.10) lib/rails/rack/logger.rb:38:in `call_app'
  railties (4.2.10) lib/rails/rack/logger.rb:20:in `block in call'
  activesupport (4.2.10) lib/active_support/tagged_logging.rb:68:in `block in tagged'
  activesupport (4.2.10) lib/active_support/tagged_logging.rb:26:in `tagged'
  activesupport (4.2.10) lib/active_support/tagged_logging.rb:68:in `tagged'
  railties (4.2.10) lib/rails/rack/logger.rb:20:in `call'
  actionpack (4.2.10) lib/action_dispatch/middleware/request_id.rb:21:in `call'
  rack (1.6.10) lib/rack/methodoverride.rb:22:in `call'
  rack (1.6.10) lib/rack/runtime.rb:18:in `call'
  activesupport (4.2.10) lib/active_support/cache/strategy/local_cache_middleware.rb:28:in `call'
  rack (1.6.10) lib/rack/lock.rb:17:in `call'
  actionpack (4.2.10) lib/action_dispatch/middleware/static.rb:120:in `call'
  rack (1.6.10) lib/rack/sendfile.rb:113:in `call'
  railties (4.2.10) lib/rails/engine.rb:518:in `call'
  railties (4.2.10) lib/rails/application.rb:165:in `call'
  rack (1.6.10) lib/rack/lock.rb:17:in `call'
  rack (1.6.10) lib/rack/content_length.rb:15:in `call'
  rack (1.6.10) lib/rack/handler/webrick.rb:88:in `service'
  /home/learn/.rvm/rubies/ruby-2.3.6/lib/ruby/2.3.0/webrick/httpserver.rb:140:in `service'
  /home/learn/.rvm/rubies/ruby-2.3.6/lib/ruby/2.3.0/webrick/httpserver.rb:96:in `run'
  /home/learn/.rvm/rubies/ruby-2.3.6/lib/ruby/2.3.0/webrick/server.rb:314:in `block in start_thread'


  Rendered /home/learn/.rvm/gems/ruby-2.3.6/gems/actionpack-4.2.10/lib/action_dispatch/middleware/templates/rescues/_trace.html.erb (3.4ms)
  Rendered /home/learn/.rvm/gems/ruby-2.3.6/gems/actionpack-4.2.10/lib/action_dispatch/middleware/templates/routes/_route.html.erb (1.3ms)
  Rendered /home/learn/.rvm/gems/ruby-2.3.6/gems/actionpack-4.2.10/lib/action_dispatch/middleware/templates/routes/_table.html.erb (59.7ms)
  Rendered /home/learn/.rvm/gems/ruby-2.3.6/gems/actionpack-4.2.10/lib/action_dispatch/middleware/templates/rescues/_request_and_response.html.erb (40.7ms)
  Rendered /home/learn/.rvm/gems/ruby-2.3.6/gems/actionpack-4.2.10/lib/action_dispatch/middleware/templates/rescues/routing_error.html.erb within rescues/layout (265.1ms)
  [1m[36mPost Load (0.3ms)[0m  [1mSELECT  "posts".* FROM "posts"  ORDER BY "posts"."id" DESC LIMIT 1[0m


Started GET "/posts/1" for 127.0.0.1 at 2019-02-06 07:11:51 -0800
  [1m[36mActiveRecord::SchemaMigration Load (0.2ms)[0m  [1mSELECT "schema_migrations".* FROM "schema_migrations"[0m
Processing by PostsController#show as HTML
  Parameters: {"id"=>"1"}
  [1m[35mPost Load (0.3ms)[0m  SELECT  "posts".* FROM "posts" WHERE "posts"."id" = ? LIMIT 1  [["id", 1]]
  Rendered posts/show.html.erb within layouts/application (2.8ms)
Completed 200 OK in 1005ms (Views: 931.5ms | ActiveRecord: 0.9ms)


Started GET "/posts/1" for 127.0.0.1 at 2019-02-06 07:13:15 -0800
  [1m[36mActiveRecord::SchemaMigration Load (0.2ms)[0m  [1mSELECT "schema_migrations".* FROM "schema_migrations"[0m
Processing by PostsController#show as HTML
  Parameters: {"id"=>"1"}
  [1m[35mPost Load (0.3ms)[0m  SELECT  "posts".* FROM "posts" WHERE "posts"."id" = ? LIMIT 1  [["id", 1]]
  Rendered posts/show.html.erb within layouts/application (2.8ms)
Completed 200 OK in 691ms (Views: 616.3ms | ActiveRecord: 4.7ms)


Started GET "/assets/application.self-e80e8f2318043e8af94dddc2adad5a4f09739a8ebb323b3ab31cd71d45fd9113.css?body=1" for 127.0.0.1 at 2019-02-06 07:13:16 -0800


Started GET "/assets/jquery.self-bd7ddd393353a8d2480a622e80342adf488fb6006d667e8b42e4c0073393abee.js?body=1" for 127.0.0.1 at 2019-02-06 07:13:17 -0800


Started GET "/assets/jquery_ujs.self-784a997f6726036b1993eb2217c9cb558e1cbb801c6da88105588c56f13b466a.js?body=1" for 127.0.0.1 at 2019-02-06 07:13:17 -0800


Started GET "/assets/turbolinks.self-569ee74eaa15c1e2019317ff770b8769b1ec033a0f572a485f64c82ddc8f989e.js?body=1" for 127.0.0.1 at 2019-02-06 07:13:17 -0800


Started GET "/assets/application.self-3b8dabdc891efe46b9a144b400ad69e37d7e5876bdc39dee783419a69d7ca819.js?body=1" for 127.0.0.1 at 2019-02-06 07:13:17 -0800


Started GET "/posts/1" for 127.0.0.1 at 2019-02-06 07:13:46 -0800
Processing by PostsController#show as HTML
  Parameters: {"id"=>"1"}
  [1m[36mPost Load (0.1ms)[0m  [1mSELECT  "posts".* FROM "posts" WHERE "posts"."id" = ? LIMIT 1[0m  [["id", 1]]
  Rendered posts/show.html.erb within layouts/application (0.1ms)
Completed 200 OK in 47ms (Views: 45.1ms | ActiveRecord: 0.1ms)


Started GET "/assets/application.self-e80e8f2318043e8af94dddc2adad5a4f09739a8ebb323b3ab31cd71d45fd9113.css?body=1" for 127.0.0.1 at 2019-02-06 07:13:46 -0800


Started GET "/assets/jquery.self-bd7ddd393353a8d2480a622e80342adf488fb6006d667e8b42e4c0073393abee.js?body=1" for 127.0.0.1 at 2019-02-06 07:13:46 -0800


Started GET "/assets/jquery_ujs.self-784a997f6726036b1993eb2217c9cb558e1cbb801c6da88105588c56f13b466a.js?body=1" for 127.0.0.1 at 2019-02-06 07:13:46 -0800


Started GET "/assets/turbolinks.self-569ee74eaa15c1e2019317ff770b8769b1ec033a0f572a485f64c82ddc8f989e.js?body=1" for 127.0.0.1 at 2019-02-06 07:13:46 -0800


Started GET "/assets/application.self-3b8dabdc891efe46b9a144b400ad69e37d7e5876bdc39dee783419a69d7ca819.js?body=1" for 127.0.0.1 at 2019-02-06 07:13:46 -0800


Started GET "/posts/1" for 127.0.0.1 at 2019-02-06 07:13:55 -0800
Processing by PostsController#show as HTML
  Parameters: {"id"=>"1"}
  [1m[35mPost Load (0.2ms)[0m  SELECT  "posts".* FROM "posts" WHERE "posts"."id" = ? LIMIT 1  [["id", 1]]
  Rendered posts/show.html.erb within layouts/application (5.2ms)
Completed 200 OK in 122ms (Views: 119.7ms | ActiveRecord: 0.2ms)


Started GET "/assets/application.self-e80e8f2318043e8af94dddc2adad5a4f09739a8ebb323b3ab31cd71d45fd9113.css?body=1" for 127.0.0.1 at 2019-02-06 07:13:56 -0800


Started GET "/assets/jquery.self-bd7ddd393353a8d2480a622e80342adf488fb6006d667e8b42e4c0073393abee.js?body=1" for 127.0.0.1 at 2019-02-06 07:13:56 -0800


Started GET "/assets/jquery_ujs.self-784a997f6726036b1993eb2217c9cb558e1cbb801c6da88105588c56f13b466a.js?body=1" for 127.0.0.1 at 2019-02-06 07:13:56 -0800


Started GET "/assets/turbolinks.self-569ee74eaa15c1e2019317ff770b8769b1ec033a0f572a485f64c82ddc8f989e.js?body=1" for 127.0.0.1 at 2019-02-06 07:13:56 -0800


Started GET "/assets/application.self-3b8dabdc891efe46b9a144b400ad69e37d7e5876bdc39dee783419a69d7ca819.js?body=1" for 127.0.0.1 at 2019-02-06 07:13:56 -0800
